2017-03-30 11:27:36,883 [http-8181-1] DEBUG [com.thinkgem.jeesite.modules.sys.dao.DictDao.findAllList] - ==>  Preparing: SELECT * FROM sys_dict WHERE del_flag = ? ORDER BY type, sort, update_date DESC 
2017-03-30 11:27:36,894 [http-8181-1] DEBUG [com.thinkgem.jeesite.modules.sys.dao.DictDao.findAllList] - ==> Parameters: 0(String)
2017-03-30 11:27:37,072 [http-8181-1] DEBUG [com.thinkgem.jeesite.modules.sys.dao.DictDao.findAllList] - <==      Total: 78
2017-03-30 11:27:45,136 [http-8181-1] DEBUG [com.thinkgem.jeesite.modules.sys.security.SystemAuthorizingRealm] - login submit, active session size: 1, username: thinkgem
2017-03-30 11:27:45,139 [http-8181-1] DEBUG [com.thinkgem.jeesite.modules.sys.dao.UserDao.getByLoginName] - ==>  Preparing: SELECT a.id, a.company_id AS "company.id", a.office_id AS "office.id", a.login_name, a.password, a.no, a.name, a.email, a.phone, a.mobile, a.user_type, a.login_ip, a.login_date, a.remarks, a.login_flag, a.photo, a.create_by AS "createBy.id", a.create_date, a.update_by AS "updateBy.id", a.update_date, a.del_flag, c.name AS "company.name", c.parent_id AS "company.parent.id", c.parent_ids AS "company.parentIds", ca.id AS "company.area.id", ca.name AS "company.area.name", ca.parent_id AS "company.area.parent.id", ca.parent_ids AS "company.area.parentIds", o.name AS "office.name", o.parent_id AS "office.parent.id", o.parent_ids AS "office.parentIds", oa.id AS "office.area.id", oa.name AS "office.area.name", oa.parent_id AS "office.area.parent.id", oa.parent_ids AS "office.area.parentIds", cu.id AS "company.primaryPerson.id", cu.name AS "company.primaryPerson.name", cu2.id AS "company.deputyPerson.id", cu2.name AS "company.deputyPerson.name", ou.id AS "office.primaryPerson.id", ou.name AS "office.primaryPerson.name", ou2.id AS "office.deputyPerson.id", ou2.name AS "office.deputyPerson.name" FROM sys_user a LEFT JOIN sys_office c ON c.id = a.company_id LEFT JOIN sys_area ca ON ca.id = c.area_id LEFT JOIN sys_office o ON o.id = a.office_id LEFT JOIN sys_area oa ON oa.id = o.area_id LEFT JOIN sys_user cu ON cu.id = c.primary_person LEFT JOIN sys_user cu2 ON cu2.id = c.deputy_person LEFT JOIN sys_user ou ON ou.id = o.primary_person LEFT JOIN sys_user ou2 ON ou2.id = o.deputy_person WHERE a.login_name = ? AND a.del_flag = ? 
2017-03-30 11:27:45,139 [http-8181-1] DEBUG [com.thinkgem.jeesite.modules.sys.dao.UserDao.getByLoginName] - ==> Parameters: thinkgem(String), 0(String)
2017-03-30 11:27:45,295 [http-8181-1] DEBUG [com.thinkgem.jeesite.modules.sys.dao.UserDao.getByLoginName] - <==      Total: 1
2017-03-30 11:27:45,352 [http-8181-1] DEBUG [com.thinkgem.jeesite.modules.sys.dao.RoleDao.findList] - ==>  Preparing: SELECT a.id, a.office_id AS "office.id", a.name, a.enname, a.role_type AS roleType, a.data_scope AS dataScope, a.remarks, a.create_by AS "createBy.id", a.create_date, a.update_by AS "updateBy.id", a.update_date, a.del_flag, o.name AS "office.name", o.code, a.useable AS useable, a.is_sys AS sysData , ro.office_id AS "officeList.id" FROM sys_role a LEFT JOIN sys_office o ON o.id = a.office_id LEFT JOIN sys_user_role ur ON ur.role_id = a.id LEFT JOIN sys_user u ON u.id = ur.user_id LEFT JOIN sys_role_office ro ON ro.role_id = a.id WHERE a.del_flag = ? AND a.useable=? AND u.id = ? AND u.login_name = ? ORDER BY o.code, a.name 
2017-03-30 11:27:45,352 [http-8181-1] DEBUG [com.thinkgem.jeesite.modules.sys.dao.RoleDao.findList] - ==> Parameters: 0(String), 1(String), 1(String), thinkgem(String)
2017-03-30 11:27:45,433 [http-8181-1] DEBUG [com.thinkgem.jeesite.modules.sys.dao.RoleDao.findList] - <==      Total: 2
2017-03-30 11:27:45,477 [http-8181-1] DEBUG [com.thinkgem.jeesite.modules.sys.interceptor.LogInterceptor] - 开始计时: 11:27:45.476  URI: /online/a
2017-03-30 11:27:45,486 [http-8181-1] DEBUG [com.thinkgem.jeesite.modules.sys.dao.MenuDao.findAllList] - ==>  Preparing: SELECT a.id, a.parent_id AS "parent.id", a.parent_ids, a.name, a.href, a.target, a.icon, a.sort, a.is_show, a.permission, a.remarks, a.create_by AS "createBy.id", a.create_date, a.update_by AS "updateBy.id", a.update_date, a.del_flag, p.name AS "parent.name" FROM sys_menu a LEFT JOIN sys_menu p ON p.id = a.parent_id WHERE a.del_flag = ? ORDER BY a.sort 
2017-03-30 11:27:45,486 [http-8181-1] DEBUG [com.thinkgem.jeesite.modules.sys.dao.MenuDao.findAllList] - ==> Parameters: 0(String)
2017-03-30 11:27:45,573 [http-8181-1] DEBUG [com.thinkgem.jeesite.modules.sys.dao.MenuDao.findAllList] - <==      Total: 95
2017-03-30 11:27:45,576 [http-8181-1] DEBUG [com.thinkgem.jeesite.modules.sys.dao.UserDao.updateLoginInfo] - ==>  Preparing: UPDATE sys_user SET login_ip = ?, login_Date = ? WHERE id = ? 
2017-03-30 11:27:45,577 [http-8181-1] DEBUG [com.thinkgem.jeesite.modules.sys.dao.UserDao.updateLoginInfo] - ==> Parameters: 0:0:0:0:0:0:0:1(String), 2017-03-30 11:27:45.575(Timestamp), 1(String)
2017-03-30 11:27:45,577 [http-8181-1] DEBUG [com.thinkgem.jeesite.modules.sys.dao.UserDao.updateLoginInfo] - <==    Updates: 1
2017-03-30 11:27:45,666 [SaveLogThread] DEBUG [com.thinkgem.jeesite.modules.sys.dao.LogDao.insert] - ==>  Preparing: INSERT INTO sys_log( id, type, title, create_by, create_date, remote_addr, user_agent, request_uri, method, params, exception ) VALUES ( ?, ?, ?, ?, ?, ?, ?, ?, ?, ?, ? ) 
2017-03-30 11:27:45,669 [SaveLogThread] DEBUG [com.thinkgem.jeesite.modules.sys.dao.LogDao.insert] - ==> Parameters: 8a4176ab6b3647b8b8e44e5d73094310(String), 1(String), 系统登录(String), 1(String), 2017-03-30 11:27:45.666(Timestamp), 0:0:0:0:0:0:0:1(String), Mozilla/5.0 (Windows NT 6.1; WOW64) AppleWebKit/537.36 (KHTML, like Gecko) Chrome/47.0.2526.106 BIDUBrowser/8.4 Safari/537.36(String), /online/a(String), GET(String), login=(String), (String)
2017-03-30 11:27:45,669 [http-8181-1] INFO  [com.thinkgem.jeesite.modules.sys.interceptor.LogInterceptor] - ViewName: modules/sys/sysIndex
2017-03-30 11:27:45,752 [SaveLogThread] DEBUG [com.thinkgem.jeesite.modules.sys.dao.LogDao.insert] - <==    Updates: 1
2017-03-30 11:27:45,960 [http-8181-1] DEBUG [com.thinkgem.jeesite.modules.sys.interceptor.LogInterceptor] - 计时结束：11:27:45.959  耗时：0:0:0.483  URI: /online/a  最大内存: 746m  已分配内存: 746m  已分配内存中的剩余空间: 559m  最大可用内存: 559m
2017-03-30 11:27:45,960 [SaveLogThread] DEBUG [com.thinkgem.jeesite.modules.sys.dao.MenuDao.findAllList] - ==>  Preparing: SELECT a.id, a.parent_id AS "parent.id", a.parent_ids, a.name, a.href, a.target, a.icon, a.sort, a.is_show, a.permission, a.remarks, a.create_by AS "createBy.id", a.create_date, a.update_by AS "updateBy.id", a.update_date, a.del_flag, p.name AS "parent.name" FROM sys_menu a LEFT JOIN sys_menu p ON p.id = a.parent_id WHERE a.del_flag = ? ORDER BY a.sort 
2017-03-30 11:27:45,961 [SaveLogThread] DEBUG [com.thinkgem.jeesite.modules.sys.dao.MenuDao.findAllList] - ==> Parameters: 0(String)
2017-03-30 11:27:46,017 [SaveLogThread] DEBUG [com.thinkgem.jeesite.modules.sys.dao.MenuDao.findAllList] - <==      Total: 95
2017-03-30 11:27:46,922 [http-8181-1] DEBUG [com.thinkgem.jeesite.modules.sys.interceptor.LogInterceptor] - 开始计时: 11:27:46.922  URI: /online/a/sys/user/info
2017-03-30 11:27:46,938 [http-8181-1] INFO  [com.thinkgem.jeesite.modules.sys.interceptor.LogInterceptor] - ViewName: modules/sys/userInfo
2017-03-30 11:27:47,653 [http-8181-1] DEBUG [com.thinkgem.jeesite.modules.sys.interceptor.LogInterceptor] - 计时结束：11:27:47.653  耗时：0:0:0.731  URI: /online/a/sys/user/info  最大内存: 745m  已分配内存: 745m  已分配内存中的剩余空间: 531m  最大可用内存: 531m
2017-03-30 11:27:47,655 [SaveLogThread] DEBUG [com.thinkgem.jeesite.modules.sys.dao.LogDao.insert] - ==>  Preparing: INSERT INTO sys_log( id, type, title, create_by, create_date, remote_addr, user_agent, request_uri, method, params, exception ) VALUES ( ?, ?, ?, ?, ?, ?, ?, ?, ?, ?, ? ) 
2017-03-30 11:27:47,656 [SaveLogThread] DEBUG [com.thinkgem.jeesite.modules.sys.dao.LogDao.insert] - ==> Parameters: fe50303940284499b0a001d7c41f53ef(String), 1(String), 我的面板-个人信息-个人信息(String), 1(String), 2017-03-30 11:27:47.654(Timestamp), 0:0:0:0:0:0:0:1(String), Mozilla/5.0 (Windows NT 6.1; WOW64) AppleWebKit/537.36 (KHTML, like Gecko) Chrome/47.0.2526.106 BIDUBrowser/8.4 Safari/537.36(String), /online/a/sys/user/info(String), GET(String), (String), (String)
2017-03-30 11:27:47,719 [SaveLogThread] DEBUG [com.thinkgem.jeesite.modules.sys.dao.LogDao.insert] - <==    Updates: 1
2017-03-30 11:28:13,054 [http-8181-1] DEBUG [com.thinkgem.jeesite.modules.sys.security.SystemAuthorizingRealm] - login submit, active session size: 1, username: thinkgem
2017-03-30 11:28:13,113 [http-8181-1] DEBUG [com.thinkgem.jeesite.modules.sys.interceptor.LogInterceptor] - 开始计时: 11:28:13.113  URI: /online/a
2017-03-30 11:28:13,117 [http-8181-1] DEBUG [com.thinkgem.jeesite.modules.sys.dao.MenuDao.findAllList] - ==>  Preparing: SELECT a.id, a.parent_id AS "parent.id", a.parent_ids, a.name, a.href, a.target, a.icon, a.sort, a.is_show, a.permission, a.remarks, a.create_by AS "createBy.id", a.create_date, a.update_by AS "updateBy.id", a.update_date, a.del_flag, p.name AS "parent.name" FROM sys_menu a LEFT JOIN sys_menu p ON p.id = a.parent_id WHERE a.del_flag = ? ORDER BY a.sort 
2017-03-30 11:28:13,117 [http-8181-1] DEBUG [com.thinkgem.jeesite.modules.sys.dao.MenuDao.findAllList] - ==> Parameters: 0(String)
2017-03-30 11:28:13,160 [http-8181-1] DEBUG [com.thinkgem.jeesite.modules.sys.dao.MenuDao.findAllList] - <==      Total: 95
2017-03-30 11:28:13,162 [http-8181-1] DEBUG [com.thinkgem.jeesite.modules.sys.dao.UserDao.updateLoginInfo] - ==>  Preparing: UPDATE sys_user SET login_ip = ?, login_Date = ? WHERE id = ? 
2017-03-30 11:28:13,162 [http-8181-1] DEBUG [com.thinkgem.jeesite.modules.sys.dao.UserDao.updateLoginInfo] - ==> Parameters: 0:0:0:0:0:0:0:1(String), 2017-03-30 11:28:13.161(Timestamp), 1(String)
2017-03-30 11:28:13,163 [http-8181-1] DEBUG [com.thinkgem.jeesite.modules.sys.dao.UserDao.updateLoginInfo] - <==    Updates: 1
2017-03-30 11:28:13,231 [SaveLogThread] DEBUG [com.thinkgem.jeesite.modules.sys.dao.LogDao.insert] - ==>  Preparing: INSERT INTO sys_log( id, type, title, create_by, create_date, remote_addr, user_agent, request_uri, method, params, exception ) VALUES ( ?, ?, ?, ?, ?, ?, ?, ?, ?, ?, ? ) 
2017-03-30 11:28:13,232 [http-8181-1] INFO  [com.thinkgem.jeesite.modules.sys.interceptor.LogInterceptor] - ViewName: modules/sys/sysIndex
2017-03-30 11:28:13,233 [SaveLogThread] DEBUG [com.thinkgem.jeesite.modules.sys.dao.LogDao.insert] - ==> Parameters: 0abcb6f376dd482d954aa7875978011f(String), 1(String), 系统登录(String), 1(String), 2017-03-30 11:28:13.231(Timestamp), 0:0:0:0:0:0:0:1(String), Mozilla/5.0 (Windows NT 6.1; WOW64) AppleWebKit/537.36 (KHTML, like Gecko) Chrome/47.0.2526.106 BIDUBrowser/8.4 Safari/537.36(String), /online/a(String), GET(String), login=(String), (String)
2017-03-30 11:28:13,241 [http-8181-1] DEBUG [com.thinkgem.jeesite.modules.sys.interceptor.LogInterceptor] - 计时结束：11:28:13.241  耗时：0:0:0.128  URI: /online/a  最大内存: 748m  已分配内存: 748m  已分配内存中的剩余空间: 635m  最大可用内存: 635m
2017-03-30 11:28:13,378 [SaveLogThread] DEBUG [com.thinkgem.jeesite.modules.sys.dao.LogDao.insert] - <==    Updates: 1
2017-03-30 11:28:13,505 [http-8181-2] DEBUG [com.thinkgem.jeesite.modules.sys.interceptor.LogInterceptor] - 开始计时: 11:28:13.505  URI: /online/a/sys/user/info
2017-03-30 11:28:13,510 [http-8181-2] INFO  [com.thinkgem.jeesite.modules.sys.interceptor.LogInterceptor] - ViewName: modules/sys/userInfo
2017-03-30 11:28:13,521 [http-8181-2] DEBUG [com.thinkgem.jeesite.modules.sys.interceptor.LogInterceptor] - 计时结束：11:28:13.521  耗时：0:0:0.16  URI: /online/a/sys/user/info  最大内存: 748m  已分配内存: 748m  已分配内存中的剩余空间: 632m  最大可用内存: 632m
2017-03-30 11:28:13,522 [SaveLogThread] DEBUG [com.thinkgem.jeesite.modules.sys.dao.LogDao.insert] - ==>  Preparing: INSERT INTO sys_log( id, type, title, create_by, create_date, remote_addr, user_agent, request_uri, method, params, exception ) VALUES ( ?, ?, ?, ?, ?, ?, ?, ?, ?, ?, ? ) 
2017-03-30 11:28:13,523 [SaveLogThread] DEBUG [com.thinkgem.jeesite.modules.sys.dao.LogDao.insert] - ==> Parameters: 2918f1ef05cf4b65b17a81db4c6c33ac(String), 1(String), 我的面板-个人信息-个人信息(String), 1(String), 2017-03-30 11:28:13.521(Timestamp), 0:0:0:0:0:0:0:1(String), Mozilla/5.0 (Windows NT 6.1; WOW64) AppleWebKit/537.36 (KHTML, like Gecko) Chrome/47.0.2526.106 BIDUBrowser/8.4 Safari/537.36(String), /online/a/sys/user/info(String), GET(String), (String), (String)
2017-03-30 11:28:13,587 [SaveLogThread] DEBUG [com.thinkgem.jeesite.modules.sys.dao.LogDao.insert] - <==    Updates: 1
2017-03-30 11:30:05,772 [main] WARN  [net.sf.ehcache.DiskStorePathManager] - diskStorePath '..\temp\jeesite\ehcache' is already used by an existing CacheManager either in the same VM or in a different process.
The diskStore path for this CacheManager will be set to ..\temp\jeesite\ehcache\ehcache_auto_created3910815799374957052diskstore.
To avoid this warning consider using the CacheManager factory methods to create a singleton CacheManager or specifying a separate ehcache configuration (ehcache.xml) for each CacheManager instance.
2017-03-30 11:30:05,795 [main] WARN  [net.sf.ehcache.store.disk.DiskStorageFactory] - Data in persistent disk stores is ignored for stores from automatically created directories.
Remove diskPersistent or resolve the conflicting disk paths in cache configuration.
Deleting data file E:\github\jeesite_mybatis\jeesite\online\..\temp\jeesite\ehcache\ehcache_auto_created3910815799374957052diskstore\active%0053essions%0043ache.data
2017-03-30 11:30:14,639 [http-8181-1] DEBUG [com.thinkgem.jeesite.modules.sys.dao.DictDao.findAllList] - ==>  Preparing: SELECT * FROM sys_dict WHERE del_flag = ? ORDER BY type, sort, update_date DESC 
2017-03-30 11:30:14,649 [http-8181-1] DEBUG [com.thinkgem.jeesite.modules.sys.dao.DictDao.findAllList] - ==> Parameters: 0(String)
2017-03-30 11:30:14,694 [http-8181-1] DEBUG [com.thinkgem.jeesite.modules.sys.dao.DictDao.findAllList] - <==      Total: 78
2017-03-30 11:30:44,984 [http-8181-1] DEBUG [com.thinkgem.jeesite.modules.sys.security.SystemAuthorizingRealm] - login submit, active session size: 1, username: thinkgem
2017-03-30 11:30:44,986 [http-8181-1] DEBUG [com.thinkgem.jeesite.modules.sys.dao.UserDao.getByLoginName] - ==>  Preparing: SELECT a.id, a.company_id AS "company.id", a.office_id AS "office.id", a.login_name, a.password, a.no, a.name, a.email, a.phone, a.mobile, a.user_type, a.login_ip, a.login_date, a.remarks, a.login_flag, a.photo, a.create_by AS "createBy.id", a.create_date, a.update_by AS "updateBy.id", a.update_date, a.del_flag, c.name AS "company.name", c.parent_id AS "company.parent.id", c.parent_ids AS "company.parentIds", ca.id AS "company.area.id", ca.name AS "company.area.name", ca.parent_id AS "company.area.parent.id", ca.parent_ids AS "company.area.parentIds", o.name AS "office.name", o.parent_id AS "office.parent.id", o.parent_ids AS "office.parentIds", oa.id AS "office.area.id", oa.name AS "office.area.name", oa.parent_id AS "office.area.parent.id", oa.parent_ids AS "office.area.parentIds", cu.id AS "company.primaryPerson.id", cu.name AS "company.primaryPerson.name", cu2.id AS "company.deputyPerson.id", cu2.name AS "company.deputyPerson.name", ou.id AS "office.primaryPerson.id", ou.name AS "office.primaryPerson.name", ou2.id AS "office.deputyPerson.id", ou2.name AS "office.deputyPerson.name" FROM sys_user a LEFT JOIN sys_office c ON c.id = a.company_id LEFT JOIN sys_area ca ON ca.id = c.area_id LEFT JOIN sys_office o ON o.id = a.office_id LEFT JOIN sys_area oa ON oa.id = o.area_id LEFT JOIN sys_user cu ON cu.id = c.primary_person LEFT JOIN sys_user cu2 ON cu2.id = c.deputy_person LEFT JOIN sys_user ou ON ou.id = o.primary_person LEFT JOIN sys_user ou2 ON ou2.id = o.deputy_person WHERE a.login_name = ? AND a.del_flag = ? 
2017-03-30 11:30:44,987 [http-8181-1] DEBUG [com.thinkgem.jeesite.modules.sys.dao.UserDao.getByLoginName] - ==> Parameters: thinkgem(String), 0(String)
2017-03-30 11:30:44,994 [http-8181-1] DEBUG [com.thinkgem.jeesite.modules.sys.dao.UserDao.getByLoginName] - <==      Total: 1
2017-03-30 11:30:45,029 [http-8181-1] DEBUG [com.thinkgem.jeesite.modules.sys.dao.RoleDao.findList] - ==>  Preparing: SELECT a.id, a.office_id AS "office.id", a.name, a.enname, a.role_type AS roleType, a.data_scope AS dataScope, a.remarks, a.create_by AS "createBy.id", a.create_date, a.update_by AS "updateBy.id", a.update_date, a.del_flag, o.name AS "office.name", o.code, a.useable AS useable, a.is_sys AS sysData , ro.office_id AS "officeList.id" FROM sys_role a LEFT JOIN sys_office o ON o.id = a.office_id LEFT JOIN sys_user_role ur ON ur.role_id = a.id LEFT JOIN sys_user u ON u.id = ur.user_id LEFT JOIN sys_role_office ro ON ro.role_id = a.id WHERE a.del_flag = ? AND a.useable=? AND u.id = ? AND u.login_name = ? ORDER BY o.code, a.name 
2017-03-30 11:30:45,030 [http-8181-1] DEBUG [com.thinkgem.jeesite.modules.sys.dao.RoleDao.findList] - ==> Parameters: 0(String), 1(String), 1(String), thinkgem(String)
2017-03-30 11:30:45,032 [http-8181-1] DEBUG [com.thinkgem.jeesite.modules.sys.dao.RoleDao.findList] - <==      Total: 2
2017-03-30 11:30:45,058 [http-8181-1] DEBUG [com.thinkgem.jeesite.modules.sys.interceptor.LogInterceptor] - 开始计时: 11:30:45.058  URI: /online/a
2017-03-30 11:30:45,064 [http-8181-1] DEBUG [com.thinkgem.jeesite.modules.sys.dao.MenuDao.findAllList] - ==>  Preparing: SELECT a.id, a.parent_id AS "parent.id", a.parent_ids, a.name, a.href, a.target, a.icon, a.sort, a.is_show, a.permission, a.remarks, a.create_by AS "createBy.id", a.create_date, a.update_by AS "updateBy.id", a.update_date, a.del_flag, p.name AS "parent.name" FROM sys_menu a LEFT JOIN sys_menu p ON p.id = a.parent_id WHERE a.del_flag = ? ORDER BY a.sort 
2017-03-30 11:30:45,064 [http-8181-1] DEBUG [com.thinkgem.jeesite.modules.sys.dao.MenuDao.findAllList] - ==> Parameters: 0(String)
2017-03-30 11:30:45,115 [http-8181-1] DEBUG [com.thinkgem.jeesite.modules.sys.dao.MenuDao.findAllList] - <==      Total: 95
2017-03-30 11:30:45,118 [http-8181-1] DEBUG [com.thinkgem.jeesite.modules.sys.dao.UserDao.updateLoginInfo] - ==>  Preparing: UPDATE sys_user SET login_ip = ?, login_Date = ? WHERE id = ? 
2017-03-30 11:30:45,118 [http-8181-1] DEBUG [com.thinkgem.jeesite.modules.sys.dao.UserDao.updateLoginInfo] - ==> Parameters: 0:0:0:0:0:0:0:1(String), 2017-03-30 11:30:45.117(Timestamp), 1(String)
2017-03-30 11:30:45,119 [http-8181-1] DEBUG [com.thinkgem.jeesite.modules.sys.dao.UserDao.updateLoginInfo] - <==    Updates: 1
2017-03-30 11:30:45,201 [SaveLogThread] DEBUG [com.thinkgem.jeesite.modules.sys.dao.LogDao.insert] - ==>  Preparing: INSERT INTO sys_log( id, type, title, create_by, create_date, remote_addr, user_agent, request_uri, method, params, exception ) VALUES ( ?, ?, ?, ?, ?, ?, ?, ?, ?, ?, ? ) 
2017-03-30 11:30:45,202 [http-8181-1] INFO  [com.thinkgem.jeesite.modules.sys.interceptor.LogInterceptor] - ViewName: modules/sys/sysIndex
2017-03-30 11:30:45,205 [SaveLogThread] DEBUG [com.thinkgem.jeesite.modules.sys.dao.LogDao.insert] - ==> Parameters: 26d9c073ec3848c893e5501c20545139(String), 1(String), 系统登录(String), 1(String), 2017-03-30 11:30:45.2(Timestamp), 0:0:0:0:0:0:0:1(String), Mozilla/5.0 (Windows NT 6.1; WOW64) AppleWebKit/537.36 (KHTML, like Gecko) Chrome/47.0.2526.106 BIDUBrowser/8.4 Safari/537.36(String), /online/a(String), GET(String), login=(String), (String)
2017-03-30 11:30:45,231 [SaveLogThread] DEBUG [com.thinkgem.jeesite.modules.sys.dao.LogDao.insert] - <==    Updates: 1
2017-03-30 11:30:45,400 [http-8181-1] DEBUG [com.thinkgem.jeesite.modules.sys.interceptor.LogInterceptor] - 计时结束：11:30:45.400  耗时：0:0:0.342  URI: /online/a  最大内存: 747m  已分配内存: 747m  已分配内存中的剩余空间: 522m  最大可用内存: 522m
2017-03-30 11:30:45,401 [SaveLogThread] DEBUG [com.thinkgem.jeesite.modules.sys.dao.MenuDao.findAllList] - ==>  Preparing: SELECT a.id, a.parent_id AS "parent.id", a.parent_ids, a.name, a.href, a.target, a.icon, a.sort, a.is_show, a.permission, a.remarks, a.create_by AS "createBy.id", a.create_date, a.update_by AS "updateBy.id", a.update_date, a.del_flag, p.name AS "parent.name" FROM sys_menu a LEFT JOIN sys_menu p ON p.id = a.parent_id WHERE a.del_flag = ? ORDER BY a.sort 
2017-03-30 11:30:45,401 [SaveLogThread] DEBUG [com.thinkgem.jeesite.modules.sys.dao.MenuDao.findAllList] - ==> Parameters: 0(String)
2017-03-30 11:30:45,461 [SaveLogThread] DEBUG [com.thinkgem.jeesite.modules.sys.dao.MenuDao.findAllList] - <==      Total: 95
2017-03-30 11:30:45,733 [http-8181-1] DEBUG [com.thinkgem.jeesite.modules.sys.interceptor.LogInterceptor] - 开始计时: 11:30:45.733  URI: /online/a/sys/user/info
2017-03-30 11:30:45,746 [http-8181-1] INFO  [com.thinkgem.jeesite.modules.sys.interceptor.LogInterceptor] - ViewName: modules/sys/userInfo
2017-03-30 11:30:46,208 [http-8181-1] DEBUG [com.thinkgem.jeesite.modules.sys.interceptor.LogInterceptor] - 计时结束：11:30:46.208  耗时：0:0:0.475  URI: /online/a/sys/user/info  最大内存: 750m  已分配内存: 750m  已分配内存中的剩余空间: 644m  最大可用内存: 644m
2017-03-30 11:30:46,209 [SaveLogThread] DEBUG [com.thinkgem.jeesite.modules.sys.dao.LogDao.insert] - ==>  Preparing: INSERT INTO sys_log( id, type, title, create_by, create_date, remote_addr, user_agent, request_uri, method, params, exception ) VALUES ( ?, ?, ?, ?, ?, ?, ?, ?, ?, ?, ? ) 
2017-03-30 11:30:46,210 [SaveLogThread] DEBUG [com.thinkgem.jeesite.modules.sys.dao.LogDao.insert] - ==> Parameters: 986fa448aa97444691aa1b6e178c290f(String), 1(String), 我的面板-个人信息-个人信息(String), 1(String), 2017-03-30 11:30:46.208(Timestamp), 0:0:0:0:0:0:0:1(String), Mozilla/5.0 (Windows NT 6.1; WOW64) AppleWebKit/537.36 (KHTML, like Gecko) Chrome/47.0.2526.106 BIDUBrowser/8.4 Safari/537.36(String), /online/a/sys/user/info(String), GET(String), (String), (String)
2017-03-30 11:30:46,454 [SaveLogThread] DEBUG [com.thinkgem.jeesite.modules.sys.dao.LogDao.insert] - <==    Updates: 1
2017-03-30 11:34:07,211 [http-8181-1] DEBUG [com.thinkgem.jeesite.modules.sys.dao.DictDao.findAllList] - ==>  Preparing: SELECT * FROM sys_dict WHERE del_flag = ? ORDER BY type, sort, update_date DESC 
2017-03-30 11:34:07,221 [http-8181-1] DEBUG [com.thinkgem.jeesite.modules.sys.dao.DictDao.findAllList] - ==> Parameters: 0(String)
2017-03-30 11:34:07,264 [http-8181-1] DEBUG [com.thinkgem.jeesite.modules.sys.dao.DictDao.findAllList] - <==      Total: 78
2017-03-30 11:34:20,409 [http-8181-1] DEBUG [com.thinkgem.jeesite.modules.sys.security.SystemAuthorizingRealm] - login submit, active session size: 1, username: thinkgem
2017-03-30 11:34:20,412 [http-8181-1] DEBUG [com.thinkgem.jeesite.modules.sys.dao.UserDao.getByLoginName] - ==>  Preparing: SELECT a.id, a.company_id AS "company.id", a.office_id AS "office.id", a.login_name, a.password, a.no, a.name, a.email, a.phone, a.mobile, a.user_type, a.login_ip, a.login_date, a.remarks, a.login_flag, a.photo, a.create_by AS "createBy.id", a.create_date, a.update_by AS "updateBy.id", a.update_date, a.del_flag, c.name AS "company.name", c.parent_id AS "company.parent.id", c.parent_ids AS "company.parentIds", ca.id AS "company.area.id", ca.name AS "company.area.name", ca.parent_id AS "company.area.parent.id", ca.parent_ids AS "company.area.parentIds", o.name AS "office.name", o.parent_id AS "office.parent.id", o.parent_ids AS "office.parentIds", oa.id AS "office.area.id", oa.name AS "office.area.name", oa.parent_id AS "office.area.parent.id", oa.parent_ids AS "office.area.parentIds", cu.id AS "company.primaryPerson.id", cu.name AS "company.primaryPerson.name", cu2.id AS "company.deputyPerson.id", cu2.name AS "company.deputyPerson.name", ou.id AS "office.primaryPerson.id", ou.name AS "office.primaryPerson.name", ou2.id AS "office.deputyPerson.id", ou2.name AS "office.deputyPerson.name" FROM sys_user a LEFT JOIN sys_office c ON c.id = a.company_id LEFT JOIN sys_area ca ON ca.id = c.area_id LEFT JOIN sys_office o ON o.id = a.office_id LEFT JOIN sys_area oa ON oa.id = o.area_id LEFT JOIN sys_user cu ON cu.id = c.primary_person LEFT JOIN sys_user cu2 ON cu2.id = c.deputy_person LEFT JOIN sys_user ou ON ou.id = o.primary_person LEFT JOIN sys_user ou2 ON ou2.id = o.deputy_person WHERE a.login_name = ? AND a.del_flag = ? 
2017-03-30 11:34:20,412 [http-8181-1] DEBUG [com.thinkgem.jeesite.modules.sys.dao.UserDao.getByLoginName] - ==> Parameters: thinkgem(String), 0(String)
2017-03-30 11:34:20,421 [http-8181-1] DEBUG [com.thinkgem.jeesite.modules.sys.dao.UserDao.getByLoginName] - <==      Total: 1
2017-03-30 11:34:20,476 [http-8181-1] DEBUG [com.thinkgem.jeesite.modules.sys.dao.RoleDao.findList] - ==>  Preparing: SELECT a.id, a.office_id AS "office.id", a.name, a.enname, a.role_type AS roleType, a.data_scope AS dataScope, a.remarks, a.create_by AS "createBy.id", a.create_date, a.update_by AS "updateBy.id", a.update_date, a.del_flag, o.name AS "office.name", o.code, a.useable AS useable, a.is_sys AS sysData , ro.office_id AS "officeList.id" FROM sys_role a LEFT JOIN sys_office o ON o.id = a.office_id LEFT JOIN sys_user_role ur ON ur.role_id = a.id LEFT JOIN sys_user u ON u.id = ur.user_id LEFT JOIN sys_role_office ro ON ro.role_id = a.id WHERE a.del_flag = ? AND a.useable=? AND u.id = ? AND u.login_name = ? ORDER BY o.code, a.name 
2017-03-30 11:34:20,477 [http-8181-1] DEBUG [com.thinkgem.jeesite.modules.sys.dao.RoleDao.findList] - ==> Parameters: 0(String), 1(String), 1(String), thinkgem(String)
2017-03-30 11:34:20,479 [http-8181-1] DEBUG [com.thinkgem.jeesite.modules.sys.dao.RoleDao.findList] - <==      Total: 2
2017-03-30 11:34:20,516 [http-8181-1] DEBUG [com.thinkgem.jeesite.modules.sys.interceptor.LogInterceptor] - 开始计时: 11:34:20.515  URI: /online/a
2017-03-30 11:34:20,526 [http-8181-1] DEBUG [com.thinkgem.jeesite.modules.sys.dao.MenuDao.findAllList] - ==>  Preparing: SELECT a.id, a.parent_id AS "parent.id", a.parent_ids, a.name, a.href, a.target, a.icon, a.sort, a.is_show, a.permission, a.remarks, a.create_by AS "createBy.id", a.create_date, a.update_by AS "updateBy.id", a.update_date, a.del_flag, p.name AS "parent.name" FROM sys_menu a LEFT JOIN sys_menu p ON p.id = a.parent_id WHERE a.del_flag = ? ORDER BY a.sort 
2017-03-30 11:34:20,526 [http-8181-1] DEBUG [com.thinkgem.jeesite.modules.sys.dao.MenuDao.findAllList] - ==> Parameters: 0(String)
2017-03-30 11:34:20,583 [http-8181-1] DEBUG [com.thinkgem.jeesite.modules.sys.dao.MenuDao.findAllList] - <==      Total: 95
2017-03-30 11:34:20,586 [http-8181-1] DEBUG [com.thinkgem.jeesite.modules.sys.dao.UserDao.updateLoginInfo] - ==>  Preparing: UPDATE sys_user SET login_ip = ?, login_Date = ? WHERE id = ? 
2017-03-30 11:34:20,587 [http-8181-1] DEBUG [com.thinkgem.jeesite.modules.sys.dao.UserDao.updateLoginInfo] - ==> Parameters: 0:0:0:0:0:0:0:1(String), 2017-03-30 11:34:20.586(Timestamp), 1(String)
2017-03-30 11:34:20,588 [http-8181-1] DEBUG [com.thinkgem.jeesite.modules.sys.dao.UserDao.updateLoginInfo] - <==    Updates: 1
2017-03-30 11:34:20,681 [SaveLogThread] DEBUG [com.thinkgem.jeesite.modules.sys.dao.LogDao.insert] - ==>  Preparing: INSERT INTO sys_log( id, type, title, create_by, create_date, remote_addr, user_agent, request_uri, method, params, exception ) VALUES ( ?, ?, ?, ?, ?, ?, ?, ?, ?, ?, ? ) 
2017-03-30 11:34:20,684 [SaveLogThread] DEBUG [com.thinkgem.jeesite.modules.sys.dao.LogDao.insert] - ==> Parameters: 5c8b73cf5c064ec1bf18062cb4c929fc(String), 1(String), 系统登录(String), 1(String), 2017-03-30 11:34:20.664(Timestamp), 0:0:0:0:0:0:0:1(String), Mozilla/5.0 (Windows NT 6.1; WOW64) AppleWebKit/537.36 (KHTML, like Gecko) Chrome/47.0.2526.106 BIDUBrowser/8.4 Safari/537.36(String), /online/a(String), GET(String), login=(String), (String)
2017-03-30 11:34:20,686 [http-8181-1] INFO  [com.thinkgem.jeesite.modules.sys.interceptor.LogInterceptor] - ViewName: modules/sys/sysIndex
2017-03-30 11:34:20,734 [SaveLogThread] DEBUG [com.thinkgem.jeesite.modules.sys.dao.LogDao.insert] - <==    Updates: 1
2017-03-30 11:34:20,951 [http-8181-1] DEBUG [com.thinkgem.jeesite.modules.sys.interceptor.LogInterceptor] - 计时结束：11:34:20.951  耗时：0:0:0.436  URI: /online/a  最大内存: 746m  已分配内存: 746m  已分配内存中的剩余空间: 560m  最大可用内存: 560m
2017-03-30 11:34:20,953 [SaveLogThread] DEBUG [com.thinkgem.jeesite.modules.sys.dao.MenuDao.findAllList] - ==>  Preparing: SELECT a.id, a.parent_id AS "parent.id", a.parent_ids, a.name, a.href, a.target, a.icon, a.sort, a.is_show, a.permission, a.remarks, a.create_by AS "createBy.id", a.create_date, a.update_by AS "updateBy.id", a.update_date, a.del_flag, p.name AS "parent.name" FROM sys_menu a LEFT JOIN sys_menu p ON p.id = a.parent_id WHERE a.del_flag = ? ORDER BY a.sort 
2017-03-30 11:34:20,954 [SaveLogThread] DEBUG [com.thinkgem.jeesite.modules.sys.dao.MenuDao.findAllList] - ==> Parameters: 0(String)
2017-03-30 11:34:21,014 [SaveLogThread] DEBUG [com.thinkgem.jeesite.modules.sys.dao.MenuDao.findAllList] - <==      Total: 95
2017-03-30 11:34:21,527 [http-8181-1] DEBUG [com.thinkgem.jeesite.modules.sys.interceptor.LogInterceptor] - 开始计时: 11:34:21.527  URI: /online/a/sys/user/info
2017-03-30 11:34:21,544 [http-8181-1] INFO  [com.thinkgem.jeesite.modules.sys.interceptor.LogInterceptor] - ViewName: modules/sys/userInfo
2017-03-30 11:34:22,212 [http-8181-1] DEBUG [com.thinkgem.jeesite.modules.sys.interceptor.LogInterceptor] - 计时结束：11:34:22.212  耗时：0:0:0.685  URI: /online/a/sys/user/info  最大内存: 745m  已分配内存: 745m  已分配内存中的剩余空间: 534m  最大可用内存: 534m
2017-03-30 11:34:22,213 [SaveLogThread] DEBUG [com.thinkgem.jeesite.modules.sys.dao.LogDao.insert] - ==>  Preparing: INSERT INTO sys_log( id, type, title, create_by, create_date, remote_addr, user_agent, request_uri, method, params, exception ) VALUES ( ?, ?, ?, ?, ?, ?, ?, ?, ?, ?, ? ) 
2017-03-30 11:34:22,214 [SaveLogThread] DEBUG [com.thinkgem.jeesite.modules.sys.dao.LogDao.insert] - ==> Parameters: 7a0238cf9bae4d05bd3d94c00ac463a2(String), 1(String), 我的面板-个人信息-个人信息(String), 1(String), 2017-03-30 11:34:22.213(Timestamp), 0:0:0:0:0:0:0:1(String), Mozilla/5.0 (Windows NT 6.1; WOW64) AppleWebKit/537.36 (KHTML, like Gecko) Chrome/47.0.2526.106 BIDUBrowser/8.4 Safari/537.36(String), /online/a/sys/user/info(String), GET(String), (String), (String)
2017-03-30 11:34:22,321 [SaveLogThread] DEBUG [com.thinkgem.jeesite.modules.sys.dao.LogDao.insert] - <==    Updates: 1
2017-03-30 11:48:21,117 [http-8181-1] DEBUG [com.thinkgem.jeesite.modules.sys.dao.DictDao.findAllList] - ==>  Preparing: SELECT * FROM sys_dict WHERE del_flag = ? ORDER BY type, sort, update_date DESC 
2017-03-30 11:48:21,126 [http-8181-1] DEBUG [com.thinkgem.jeesite.modules.sys.dao.DictDao.findAllList] - ==> Parameters: 0(String)
2017-03-30 11:48:21,170 [http-8181-1] DEBUG [com.thinkgem.jeesite.modules.sys.dao.DictDao.findAllList] - <==      Total: 78
2017-03-30 11:48:24,043 [http-8181-2] DEBUG [com.thinkgem.jeesite.modules.sys.security.SystemAuthorizingRealm] - login submit, active session size: 1, username: thinkgem
2017-03-30 11:48:24,048 [http-8181-2] DEBUG [com.thinkgem.jeesite.modules.sys.dao.UserDao.getByLoginName] - ==>  Preparing: SELECT a.id, a.company_id AS "company.id", a.office_id AS "office.id", a.login_name, a.password, a.no, a.name, a.email, a.phone, a.mobile, a.user_type, a.login_ip, a.login_date, a.remarks, a.login_flag, a.photo, a.create_by AS "createBy.id", a.create_date, a.update_by AS "updateBy.id", a.update_date, a.del_flag, c.name AS "company.name", c.parent_id AS "company.parent.id", c.parent_ids AS "company.parentIds", ca.id AS "company.area.id", ca.name AS "company.area.name", ca.parent_id AS "company.area.parent.id", ca.parent_ids AS "company.area.parentIds", o.name AS "office.name", o.parent_id AS "office.parent.id", o.parent_ids AS "office.parentIds", oa.id AS "office.area.id", oa.name AS "office.area.name", oa.parent_id AS "office.area.parent.id", oa.parent_ids AS "office.area.parentIds", cu.id AS "company.primaryPerson.id", cu.name AS "company.primaryPerson.name", cu2.id AS "company.deputyPerson.id", cu2.name AS "company.deputyPerson.name", ou.id AS "office.primaryPerson.id", ou.name AS "office.primaryPerson.name", ou2.id AS "office.deputyPerson.id", ou2.name AS "office.deputyPerson.name" FROM sys_user a LEFT JOIN sys_office c ON c.id = a.company_id LEFT JOIN sys_area ca ON ca.id = c.area_id LEFT JOIN sys_office o ON o.id = a.office_id LEFT JOIN sys_area oa ON oa.id = o.area_id LEFT JOIN sys_user cu ON cu.id = c.primary_person LEFT JOIN sys_user cu2 ON cu2.id = c.deputy_person LEFT JOIN sys_user ou ON ou.id = o.primary_person LEFT JOIN sys_user ou2 ON ou2.id = o.deputy_person WHERE a.login_name = ? AND a.del_flag = ? 
2017-03-30 11:48:24,049 [http-8181-2] DEBUG [com.thinkgem.jeesite.modules.sys.dao.UserDao.getByLoginName] - ==> Parameters: thinkgem(String), 0(String)
2017-03-30 11:48:24,056 [http-8181-2] DEBUG [com.thinkgem.jeesite.modules.sys.dao.UserDao.getByLoginName] - <==      Total: 1
2017-03-30 11:48:24,102 [http-8181-2] DEBUG [com.thinkgem.jeesite.modules.sys.dao.RoleDao.findList] - ==>  Preparing: SELECT a.id, a.office_id AS "office.id", a.name, a.enname, a.role_type AS roleType, a.data_scope AS dataScope, a.remarks, a.create_by AS "createBy.id", a.create_date, a.update_by AS "updateBy.id", a.update_date, a.del_flag, o.name AS "office.name", o.code, a.useable AS useable, a.is_sys AS sysData , ro.office_id AS "officeList.id" FROM sys_role a LEFT JOIN sys_office o ON o.id = a.office_id LEFT JOIN sys_user_role ur ON ur.role_id = a.id LEFT JOIN sys_user u ON u.id = ur.user_id LEFT JOIN sys_role_office ro ON ro.role_id = a.id WHERE a.del_flag = ? AND a.useable=? AND u.id = ? AND u.login_name = ? ORDER BY o.code, a.name 
2017-03-30 11:48:24,102 [http-8181-2] DEBUG [com.thinkgem.jeesite.modules.sys.dao.RoleDao.findList] - ==> Parameters: 0(String), 1(String), 1(String), thinkgem(String)
2017-03-30 11:48:24,104 [http-8181-2] DEBUG [com.thinkgem.jeesite.modules.sys.dao.RoleDao.findList] - <==      Total: 2
2017-03-30 11:48:24,142 [http-8181-2] DEBUG [com.thinkgem.jeesite.modules.sys.interceptor.LogInterceptor] - 开始计时: 11:48:24.142  URI: /online/a
2017-03-30 11:48:24,152 [http-8181-2] DEBUG [com.thinkgem.jeesite.modules.sys.dao.MenuDao.findAllList] - ==>  Preparing: SELECT a.id, a.parent_id AS "parent.id", a.parent_ids, a.name, a.href, a.target, a.icon, a.sort, a.is_show, a.permission, a.remarks, a.create_by AS "createBy.id", a.create_date, a.update_by AS "updateBy.id", a.update_date, a.del_flag, p.name AS "parent.name" FROM sys_menu a LEFT JOIN sys_menu p ON p.id = a.parent_id WHERE a.del_flag = ? ORDER BY a.sort 
2017-03-30 11:48:24,152 [http-8181-2] DEBUG [com.thinkgem.jeesite.modules.sys.dao.MenuDao.findAllList] - ==> Parameters: 0(String)
2017-03-30 11:48:24,210 [http-8181-2] DEBUG [com.thinkgem.jeesite.modules.sys.dao.MenuDao.findAllList] - <==      Total: 95
2017-03-30 11:48:24,213 [http-8181-2] DEBUG [com.thinkgem.jeesite.modules.sys.dao.UserDao.updateLoginInfo] - ==>  Preparing: UPDATE sys_user SET login_ip = ?, login_Date = ? WHERE id = ? 
2017-03-30 11:48:24,213 [http-8181-2] DEBUG [com.thinkgem.jeesite.modules.sys.dao.UserDao.updateLoginInfo] - ==> Parameters: 0:0:0:0:0:0:0:1(String), 2017-03-30 11:48:24.212(Timestamp), 1(String)
2017-03-30 11:48:24,214 [http-8181-2] DEBUG [com.thinkgem.jeesite.modules.sys.dao.UserDao.updateLoginInfo] - <==    Updates: 1
2017-03-30 11:48:24,286 [SaveLogThread] DEBUG [com.thinkgem.jeesite.modules.sys.dao.LogDao.insert] - ==>  Preparing: INSERT INTO sys_log( id, type, title, create_by, create_date, remote_addr, user_agent, request_uri, method, params, exception ) VALUES ( ?, ?, ?, ?, ?, ?, ?, ?, ?, ?, ? ) 
2017-03-30 11:48:24,288 [SaveLogThread] DEBUG [com.thinkgem.jeesite.modules.sys.dao.LogDao.insert] - ==> Parameters: 33a16ad75b8e49f8b8b4c2f98fa9a82d(String), 1(String), 系统登录(String), 1(String), 2017-03-30 11:48:24.286(Timestamp), 0:0:0:0:0:0:0:1(String), Mozilla/5.0 (Windows NT 6.1; WOW64) AppleWebKit/537.36 (KHTML, like Gecko) Chrome/47.0.2526.106 BIDUBrowser/8.4 Safari/537.36(String), /online/a(String), GET(String), login=(String), (String)
2017-03-30 11:48:24,291 [http-8181-2] INFO  [com.thinkgem.jeesite.modules.sys.interceptor.LogInterceptor] - ViewName: modules/sys/sysIndex
2017-03-30 11:48:24,335 [SaveLogThread] DEBUG [com.thinkgem.jeesite.modules.sys.dao.LogDao.insert] - <==    Updates: 1
2017-03-30 11:48:24,569 [http-8181-2] DEBUG [com.thinkgem.jeesite.modules.sys.interceptor.LogInterceptor] - 计时结束：11:48:24.569  耗时：0:0:0.427  URI: /online/a  最大内存: 746m  已分配内存: 746m  已分配内存中的剩余空间: 569m  最大可用内存: 569m
2017-03-30 11:48:24,577 [SaveLogThread] DEBUG [com.thinkgem.jeesite.modules.sys.dao.MenuDao.findAllList] - ==>  Preparing: SELECT a.id, a.parent_id AS "parent.id", a.parent_ids, a.name, a.href, a.target, a.icon, a.sort, a.is_show, a.permission, a.remarks, a.create_by AS "createBy.id", a.create_date, a.update_by AS "updateBy.id", a.update_date, a.del_flag, p.name AS "parent.name" FROM sys_menu a LEFT JOIN sys_menu p ON p.id = a.parent_id WHERE a.del_flag = ? ORDER BY a.sort 
2017-03-30 11:48:24,579 [SaveLogThread] DEBUG [com.thinkgem.jeesite.modules.sys.dao.MenuDao.findAllList] - ==> Parameters: 0(String)
2017-03-30 11:48:24,651 [SaveLogThread] DEBUG [com.thinkgem.jeesite.modules.sys.dao.MenuDao.findAllList] - <==      Total: 95
2017-03-30 11:48:25,055 [http-8181-2] DEBUG [com.thinkgem.jeesite.modules.sys.interceptor.LogInterceptor] - 开始计时: 11:48:25.055  URI: /online/a/sys/user/info
2017-03-30 11:48:25,072 [http-8181-2] INFO  [com.thinkgem.jeesite.modules.sys.interceptor.LogInterceptor] - ViewName: modules/sys/userInfo
2017-03-30 11:48:25,738 [SaveLogThread] DEBUG [com.thinkgem.jeesite.modules.sys.dao.LogDao.insert] - ==>  Preparing: INSERT INTO sys_log( id, type, title, create_by, create_date, remote_addr, user_agent, request_uri, method, params, exception ) VALUES ( ?, ?, ?, ?, ?, ?, ?, ?, ?, ?, ? ) 
2017-03-30 11:48:25,740 [SaveLogThread] DEBUG [com.thinkgem.jeesite.modules.sys.dao.LogDao.insert] - ==> Parameters: 41d88aaeb82041999e5f84f1367ead60(String), 1(String), 我的面板-个人信息-个人信息(String), 1(String), 2017-03-30 11:48:25.738(Timestamp), 0:0:0:0:0:0:0:1(String), Mozilla/5.0 (Windows NT 6.1; WOW64) AppleWebKit/537.36 (KHTML, like Gecko) Chrome/47.0.2526.106 BIDUBrowser/8.4 Safari/537.36(String), /online/a/sys/user/info(String), GET(String), (String), (String)
2017-03-30 11:48:25,739 [http-8181-2] DEBUG [com.thinkgem.jeesite.modules.sys.interceptor.LogInterceptor] - 计时结束：11:48:25.737  耗时：0:0:0.682  URI: /online/a/sys/user/info  最大内存: 744m  已分配内存: 744m  已分配内存中的剩余空间: 543m  最大可用内存: 543m
2017-03-30 11:48:25,783 [SaveLogThread] DEBUG [com.thinkgem.jeesite.modules.sys.dao.LogDao.insert] - <==    Updates: 1
2017-03-30 11:48:46,007 [http-8181-2] DEBUG [com.thinkgem.jeesite.modules.sys.security.SystemAuthorizingRealm] - login submit, active session size: 1, username: thinkgem
2017-03-30 11:48:46,026 [http-8181-2] DEBUG [com.thinkgem.jeesite.modules.sys.interceptor.LogInterceptor] - 开始计时: 11:48:46.026  URI: /online/a
2017-03-30 11:48:46,030 [http-8181-2] DEBUG [com.thinkgem.jeesite.modules.sys.dao.MenuDao.findAllList] - ==>  Preparing: SELECT a.id, a.parent_id AS "parent.id", a.parent_ids, a.name, a.href, a.target, a.icon, a.sort, a.is_show, a.permission, a.remarks, a.create_by AS "createBy.id", a.create_date, a.update_by AS "updateBy.id", a.update_date, a.del_flag, p.name AS "parent.name" FROM sys_menu a LEFT JOIN sys_menu p ON p.id = a.parent_id WHERE a.del_flag = ? ORDER BY a.sort 
2017-03-30 11:48:46,031 [http-8181-2] DEBUG [com.thinkgem.jeesite.modules.sys.dao.MenuDao.findAllList] - ==> Parameters: 0(String)
2017-03-30 11:48:46,080 [http-8181-2] DEBUG [com.thinkgem.jeesite.modules.sys.dao.MenuDao.findAllList] - <==      Total: 95
2017-03-30 11:48:46,081 [http-8181-2] DEBUG [com.thinkgem.jeesite.modules.sys.dao.UserDao.updateLoginInfo] - ==>  Preparing: UPDATE sys_user SET login_ip = ?, login_Date = ? WHERE id = ? 
2017-03-30 11:48:46,082 [http-8181-2] DEBUG [com.thinkgem.jeesite.modules.sys.dao.UserDao.updateLoginInfo] - ==> Parameters: 0:0:0:0:0:0:0:1(String), 2017-03-30 11:48:46.081(Timestamp), 1(String)
2017-03-30 11:48:46,083 [http-8181-2] DEBUG [com.thinkgem.jeesite.modules.sys.dao.UserDao.updateLoginInfo] - <==    Updates: 1
2017-03-30 11:48:46,132 [SaveLogThread] DEBUG [com.thinkgem.jeesite.modules.sys.dao.LogDao.insert] - ==>  Preparing: INSERT INTO sys_log( id, type, title, create_by, create_date, remote_addr, user_agent, request_uri, method, params, exception ) VALUES ( ?, ?, ?, ?, ?, ?, ?, ?, ?, ?, ? ) 
2017-03-30 11:48:46,133 [SaveLogThread] DEBUG [com.thinkgem.jeesite.modules.sys.dao.LogDao.insert] - ==> Parameters: 64447d2ebd6a4fdea8a4eb61d1b93761(String), 1(String), 系统登录(String), 1(String), 2017-03-30 11:48:46.132(Timestamp), 0:0:0:0:0:0:0:1(String), Mozilla/5.0 (Windows NT 6.1; WOW64) AppleWebKit/537.36 (KHTML, like Gecko) Chrome/47.0.2526.106 BIDUBrowser/8.4 Safari/537.36(String), /online/a(String), GET(String), login=(String), (String)
2017-03-30 11:48:46,134 [http-8181-2] INFO  [com.thinkgem.jeesite.modules.sys.interceptor.LogInterceptor] - ViewName: modules/sys/sysIndex
2017-03-30 11:48:46,141 [http-8181-2] DEBUG [com.thinkgem.jeesite.modules.sys.interceptor.LogInterceptor] - 计时结束：11:48:46.141  耗时：0:0:0.115  URI: /online/a  最大内存: 747m  已分配内存: 747m  已分配内存中的剩余空间: 649m  最大可用内存: 649m
2017-03-30 11:48:46,156 [SaveLogThread] DEBUG [com.thinkgem.jeesite.modules.sys.dao.LogDao.insert] - <==    Updates: 1
2017-03-30 11:48:46,271 [http-8181-2] DEBUG [com.thinkgem.jeesite.modules.sys.interceptor.LogInterceptor] - 开始计时: 11:48:46.271  URI: /online/a/sys/user/info
2017-03-30 11:48:46,276 [http-8181-2] INFO  [com.thinkgem.jeesite.modules.sys.interceptor.LogInterceptor] - ViewName: modules/sys/userInfo
2017-03-30 11:48:46,285 [http-8181-2] DEBUG [com.thinkgem.jeesite.modules.sys.interceptor.LogInterceptor] - 计时结束：11:48:46.285  耗时：0:0:0.14  URI: /online/a/sys/user/info  最大内存: 747m  已分配内存: 747m  已分配内存中的剩余空间: 643m  最大可用内存: 643m
2017-03-30 11:48:46,286 [SaveLogThread] DEBUG [com.thinkgem.jeesite.modules.sys.dao.LogDao.insert] - ==>  Preparing: INSERT INTO sys_log( id, type, title, create_by, create_date, remote_addr, user_agent, request_uri, method, params, exception ) VALUES ( ?, ?, ?, ?, ?, ?, ?, ?, ?, ?, ? ) 
2017-03-30 11:48:46,287 [SaveLogThread] DEBUG [com.thinkgem.jeesite.modules.sys.dao.LogDao.insert] - ==> Parameters: d08a0eaca5244184b4436279a1e0d52b(String), 1(String), 我的面板-个人信息-个人信息(String), 1(String), 2017-03-30 11:48:46.286(Timestamp), 0:0:0:0:0:0:0:1(String), Mozilla/5.0 (Windows NT 6.1; WOW64) AppleWebKit/537.36 (KHTML, like Gecko) Chrome/47.0.2526.106 BIDUBrowser/8.4 Safari/537.36(String), /online/a/sys/user/info(String), GET(String), (String), (String)
2017-03-30 11:48:46,354 [SaveLogThread] DEBUG [com.thinkgem.jeesite.modules.sys.dao.LogDao.insert] - <==    Updates: 1
